-------------------------------------------------------------------------------
Test set: com.capstone.project.ProjectApplicationTests
-------------------------------------------------------------------------------
Tests run: 1, Failures: 0, Errors: 1, Skipped: 0, Time elapsed: 0.459 s <<< FAILURE! - in com.capstone.project.ProjectApplicationTests
contextLoads  Time elapsed: 0.002 s  <<< ERROR!
java.lang.IllegalStateException: Failed to load ApplicationContext for [WebMergedContextConfiguration@4c0d7878 testClass = com.capstone.project.ProjectApplicationTests, locations = [], classes = [com.capstone.project.ProjectApplication], contextInitializerClasses = [], activeProfiles = [], propertySourceLocations = [], propertySourceProperties = ["org.springframework.boot.test.context.SpringBootTestContextBootstrapper=true"], contextCustomizers = [org.springframework.boot.test.context.filter.ExcludeFilterContextCustomizer@5b1e88f, org.springframework.boot.test.json.DuplicateJsonObjectContextCustomizerFactory$DuplicateJsonObjectContextCustomizer@11c88cca, org.springframework.boot.test.mock.mockito.MockitoContextCustomizer@0, org.springframework.boot.test.web.client.TestRestTemplateContextCustomizer@402fcf14, org.springframework.boot.test.autoconfigure.actuate.observability.ObservabilityContextCustomizerFactory$DisableObservabilityContextCustomizer@9da1, org.springframework.boot.test.autoconfigure.properties.PropertyMappingContextCustomizer@0, org.springframework.boot.test.autoconfigure.web.servlet.WebDriverContextCustomizerFactory$Customizer@f5bf288, org.springframework.boot.test.context.SpringBootTestAnnotation@3c8fcc2c], resourceBasePath = "src/main/webapp", contextLoader = org.springframework.boot.test.context.SpringBootContextLoader, parent = null]
Caused by: org.springframework.beans.factory.BeanDefinitionStoreException: Failed to process import candidates for configuration class [com.capstone.project.ProjectApplication]: Error processing condition on org.springframework.boot.autoconfigure.mail.MailSenderAutoConfiguration
Caused by: java.lang.IllegalStateException: Error processing condition on org.springframework.boot.autoconfigure.mail.MailSenderAutoConfiguration
Caused by: java.lang.IllegalArgumentException: Could not resolve placeholder 'SPRINGBOOT_APP_MAIL_HOST' in value "${SPRINGBOOT_APP_MAIL_HOST}"

