<?xml version="1.0" encoding="UTF-8"?>
<testsuite xmlns:xsi="http://www.w3.org/2001/XMLSchema-instance" xsi:noNamespaceSchemaLocation="https://maven.apache.org/surefire/maven-surefire-plugin/xsd/surefire-test-report.xsd" name="com.capstone.project.controller.UserControllerTest" time="2.803" tests="15" errors="0" skipped="0" failures="9">
  <properties>
[...]
</properties>
  <testcase name="testGetUser{String, String, String, String, String, String, String, String, String, String, String, String, String}[1]" classname="com.capstone.project.controller.UserControllerTest" time="2.137"/>
  <testcase name="testGetUser{String, String, String, String, String, String, String, String, String, String, String, String, String}[2]" classname="com.capstone.project.controller.UserControllerTest" time="0.026"/>
  <testcase name="testUpdateUser{String, String, String, String, String, String, String, String, String, String, String, String, String}[1]" classname="com.capstone.project.controller.UserControllerTest" time="0.185">
    <failure message="Status expected:&lt;200&gt; but was:&lt;400&gt;" type="java.lang.AssertionError"><![CDATA[java.lang.AssertionError: Status expected:<200> but was:<400>
	at com.capstone.project.controller.UserControllerTest.testUpdateUser(UserControllerTest.java:152)
]]></failure>
    <system-out><![CDATA[23:29:52.253 [main] DEBUG org.hibernate.validator.messageinterpolation.ResourceBundleMessageInterpolator -- Loaded expression factory via original TCCL
23:29:52.253 [main] DEBUG org.hibernate.validator.internal.engine.AbstractConfigurationImpl -- Setting custom MessageInterpolator of type org.springframework.validation.beanvalidation.LocaleContextMessageInterpolator
23:29:52.253 [main] DEBUG org.hibernate.validator.internal.xml.config.ValidationXmlParser -- Trying to load META-INF/validation.xml for XML based Validator configuration.
23:29:52.254 [main] DEBUG org.hibernate.validator.internal.xml.config.ResourceLoaderHelper -- Trying to load META-INF/validation.xml via TCCL
23:29:52.254 [main] DEBUG org.hibernate.validator.internal.xml.config.ResourceLoaderHelper -- Trying to load META-INF/validation.xml via Hibernate Validator's class loader
23:29:52.254 [main] DEBUG org.hibernate.validator.internal.xml.config.ValidationXmlParser -- No META-INF/validation.xml found. Using annotation based configuration only.
23:29:52.254 [main] DEBUG org.hibernate.validator.internal.engine.resolver.TraversableResolvers -- Found jakarta.persistence.Persistence on classpath containing 'getPersistenceUtil'. Assuming JPA 2 environment. Trying to instantiate JPA aware TraversableResolver
23:29:52.254 [main] DEBUG org.hibernate.validator.internal.engine.resolver.TraversableResolvers -- Instantiated JPA aware TraversableResolver of type org.hibernate.validator.internal.engine.resolver.JPATraversableResolver.
23:29:52.256 [main] DEBUG org.hibernate.validator.internal.engine.ValidatorFactoryConfigurationHelper -- HV000252: Using org.hibernate.validator.internal.engine.DefaultPropertyNodeNameProvider as property node name provider.
23:29:52.256 [main] DEBUG org.hibernate.validator.internal.engine.ValidatorFactoryConfigurationHelper -- HV000234: Using org.springframework.validation.beanvalidation.LocaleContextMessageInterpolator as ValidatorFactory-scoped message interpolator.
23:29:52.256 [main] DEBUG org.hibernate.validator.internal.engine.ValidatorFactoryConfigurationHelper -- HV000234: Using org.hibernate.validator.internal.engine.resolver.JPATraversableResolver as ValidatorFactory-scoped traversable resolver.
23:29:52.256 [main] DEBUG org.hibernate.validator.internal.engine.ValidatorFactoryConfigurationHelper -- HV000234: Using org.hibernate.validator.internal.util.ExecutableParameterNameProvider as ValidatorFactory-scoped parameter name provider.
23:29:52.257 [main] DEBUG org.hibernate.validator.internal.engine.ValidatorFactoryConfigurationHelper -- HV000234: Using org.hibernate.validator.internal.engine.DefaultClockProvider as ValidatorFactory-scoped clock provider.
23:29:52.257 [main] DEBUG org.hibernate.validator.internal.engine.ValidatorFactoryConfigurationHelper -- HV000234: Using org.hibernate.validator.internal.engine.scripting.DefaultScriptEvaluatorFactory as ValidatorFactory-scoped script evaluator factory.
23:29:52.266 [main] DEBUG _org.springframework.web.servlet.HandlerMapping.Mappings -- 
	c.c.p.c.UserController:
	{PUT [/api/v1/users/{username}]}: updateUser(String,UserRequest,BindingResult)
	{GET [/api/v1/users/{username}/ban]}: banUser(String)
	{GET [/api/v1/otherusers/{except}]}: findAllNameExcept(String)
	{GET [/api/v1/users/{username}/recover]}: recoverUser(String)
	{GET [/api/v1/users/{username}/delete]}: deleteUser(String)
	{GET [/api/v1/sendverify]}: sendVerificationEmail(String)
	{GET [/api/v1/sendreset]}: sendResetPasswordEmail(String)
	{GET [/api/v1/verify]}: verifyAccount(String)
	{POST [/api/v1/reset]}: resetPassword(String,String,ChangePasswordRequest,BindingResult)
	{POST [/api/v1/checkpassword]}: checkMatchPassword(String,ChangePasswordRequest,BindingResult)
	{POST [/api/v1/changepassword]}: changePassword(String,ChangePasswordRequest,BindingResult)
	{GET [/api/v1/users/{username}]}: getUser(String)
23:29:52.270 [main] DEBUG org.springframework.web.servlet.mvc.method.annotation.RequestMappingHandlerMapping -- 12 mappings in org.springframework.web.servlet.mvc.method.annotation.RequestMappingHandlerMapping
23:29:52.273 [main] DEBUG org.springframework.web.servlet.mvc.method.annotation.RequestMappingHandlerAdapter -- ControllerAdvice beans: 0 @ModelAttribute, 0 @InitBinder, 1 RequestBodyAdvice, 1 ResponseBodyAdvice
23:29:52.273 [main] DEBUG org.springframework.web.servlet.mvc.method.annotation.ExceptionHandlerExceptionResolver -- ControllerAdvice beans: 0 @ExceptionHandler, 1 ResponseBodyAdvice
23:29:52.273 [main] INFO org.springframework.mock.web.MockServletContext -- Initializing Spring TestDispatcherServlet ''
23:29:52.273 [main] INFO org.springframework.test.web.servlet.TestDispatcherServlet -- Initializing Servlet ''
23:29:52.273 [main] DEBUG org.springframework.test.web.servlet.TestDispatcherServlet -- Detected AcceptHeaderLocaleResolver
23:29:52.273 [main] DEBUG org.springframework.test.web.servlet.TestDispatcherServlet -- Detected FixedThemeResolver
23:29:52.273 [main] DEBUG org.springframework.test.web.servlet.TestDispatcherServlet -- Detected org.springframework.web.servlet.view.DefaultRequestToViewNameTranslator@20801cbb
23:29:52.273 [main] DEBUG org.springframework.test.web.servlet.TestDispatcherServlet -- Detected org.springframework.web.servlet.support.SessionFlashMapManager@581b1c08
23:29:52.273 [main] DEBUG org.springframework.test.web.servlet.TestDispatcherServlet -- enableLoggingRequestDetails='false': request parameters and headers will be masked to prevent unsafe logging of potentially sensitive data
23:29:52.273 [main] INFO org.springframework.test.web.servlet.TestDispatcherServlet -- Completed initialization in 0 ms
23:29:52.287 [main] DEBUG org.springframework.test.web.servlet.TestDispatcherServlet -- PUT "/api/v1/users/test_long", parameters={}
23:29:52.287 [main] DEBUG org.springframework.web.servlet.mvc.method.annotation.RequestMappingHandlerMapping -- Mapped to com.capstone.project.controller.UserController#updateUser(String, UserRequest, BindingResult)
23:29:52.418 [main] DEBUG org.springframework.web.method.HandlerMethod -- Could not resolve parameter [1] in public org.springframework.http.ResponseEntity<?> com.capstone.project.controller.UserController.updateUser(java.lang.String,com.capstone.project.dto.UserRequest,org.springframework.validation.BindingResult): JSON parse error: Invalid date format. Date must be in the format of YYYY-MM-DD
23:29:52.424 [main] WARN org.springframework.web.servlet.mvc.support.DefaultHandlerExceptionResolver -- Resolved [org.springframework.http.converter.HttpMessageNotReadableException: JSON parse error: Invalid date format. Date must be in the format of YYYY-MM-DD]
23:29:52.425 [main] DEBUG org.springframework.test.web.servlet.TestDispatcherServlet -- Completed 400 BAD_REQUEST
]]></system-out>
  </testcase>
  <testcase name="testUpdateUser{String, String, String, String, String, String, String, String, String, String, String, String, String}[2]" classname="com.capstone.project.controller.UserControllerTest" time="0.036">
    <failure message="Status expected:&lt;200&gt; but was:&lt;400&gt;" type="java.lang.AssertionError"><![CDATA[java.lang.AssertionError: Status expected:<200> but was:<400>
	at com.capstone.project.controller.UserControllerTest.testUpdateUser(UserControllerTest.java:152)
]]></failure>
    <system-out><![CDATA[23:29:52.440 [main] DEBUG org.hibernate.validator.messageinterpolation.ResourceBundleMessageInterpolator -- Loaded expression factory via original TCCL
23:29:52.440 [main] DEBUG org.hibernate.validator.internal.engine.AbstractConfigurationImpl -- Setting custom MessageInterpolator of type org.springframework.validation.beanvalidation.LocaleContextMessageInterpolator
23:29:52.441 [main] DEBUG org.hibernate.validator.internal.xml.config.ValidationXmlParser -- Trying to load META-INF/validation.xml for XML based Validator configuration.
23:29:52.441 [main] DEBUG org.hibernate.validator.internal.xml.config.ResourceLoaderHelper -- Trying to load META-INF/validation.xml via TCCL
23:29:52.441 [main] DEBUG org.hibernate.validator.internal.xml.config.ResourceLoaderHelper -- Trying to load META-INF/validation.xml via Hibernate Validator's class loader
23:29:52.441 [main] DEBUG org.hibernate.validator.internal.xml.config.ValidationXmlParser -- No META-INF/validation.xml found. Using annotation based configuration only.
23:29:52.441 [main] DEBUG org.hibernate.validator.internal.engine.resolver.TraversableResolvers -- Found jakarta.persistence.Persistence on classpath containing 'getPersistenceUtil'. Assuming JPA 2 environment. Trying to instantiate JPA aware TraversableResolver
23:29:52.441 [main] DEBUG org.hibernate.validator.internal.engine.resolver.TraversableResolvers -- Instantiated JPA aware TraversableResolver of type org.hibernate.validator.internal.engine.resolver.JPATraversableResolver.
23:29:52.443 [main] DEBUG org.hibernate.validator.internal.engine.ValidatorFactoryConfigurationHelper -- HV000252: Using org.hibernate.validator.internal.engine.DefaultPropertyNodeNameProvider as property node name provider.
23:29:52.444 [main] DEBUG org.hibernate.validator.internal.engine.ValidatorFactoryConfigurationHelper -- HV000234: Using org.springframework.validation.beanvalidation.LocaleContextMessageInterpolator as ValidatorFactory-scoped message interpolator.
23:29:52.444 [main] DEBUG org.hibernate.validator.internal.engine.ValidatorFactoryConfigurationHelper -- HV000234: Using org.hibernate.validator.internal.engine.resolver.JPATraversableResolver as ValidatorFactory-scoped traversable resolver.
23:29:52.444 [main] DEBUG org.hibernate.validator.internal.engine.ValidatorFactoryConfigurationHelper -- HV000234: Using org.hibernate.validator.internal.util.ExecutableParameterNameProvider as ValidatorFactory-scoped parameter name provider.
23:29:52.444 [main] DEBUG org.hibernate.validator.internal.engine.ValidatorFactoryConfigurationHelper -- HV000234: Using org.hibernate.validator.internal.engine.DefaultClockProvider as ValidatorFactory-scoped clock provider.
23:29:52.444 [main] DEBUG org.hibernate.validator.internal.engine.ValidatorFactoryConfigurationHelper -- HV000234: Using org.hibernate.validator.internal.engine.scripting.DefaultScriptEvaluatorFactory as ValidatorFactory-scoped script evaluator factory.
23:29:52.451 [main] DEBUG _org.springframework.web.servlet.HandlerMapping.Mappings -- 
	c.c.p.c.UserController:
	{PUT [/api/v1/users/{username}]}: updateUser(String,UserRequest,BindingResult)
	{GET [/api/v1/users/{username}/ban]}: banUser(String)
	{GET [/api/v1/otherusers/{except}]}: findAllNameExcept(String)
	{GET [/api/v1/users/{username}/recover]}: recoverUser(String)
	{GET [/api/v1/users/{username}/delete]}: deleteUser(String)
	{GET [/api/v1/sendverify]}: sendVerificationEmail(String)
	{GET [/api/v1/sendreset]}: sendResetPasswordEmail(String)
	{GET [/api/v1/verify]}: verifyAccount(String)
	{POST [/api/v1/reset]}: resetPassword(String,String,ChangePasswordRequest,BindingResult)
	{POST [/api/v1/checkpassword]}: checkMatchPassword(String,ChangePasswordRequest,BindingResult)
	{POST [/api/v1/changepassword]}: changePassword(String,ChangePasswordRequest,BindingResult)
	{GET [/api/v1/users/{username}]}: getUser(String)
23:29:52.455 [main] DEBUG org.springframework.web.servlet.mvc.method.annotation.RequestMappingHandlerMapping -- 12 mappings in org.springframework.web.servlet.mvc.method.annotation.RequestMappingHandlerMapping
23:29:52.457 [main] DEBUG org.springframework.web.servlet.mvc.method.annotation.RequestMappingHandlerAdapter -- ControllerAdvice beans: 0 @ModelAttribute, 0 @InitBinder, 1 RequestBodyAdvice, 1 ResponseBodyAdvice
23:29:52.457 [main] DEBUG org.springframework.web.servlet.mvc.method.annotation.ExceptionHandlerExceptionResolver -- ControllerAdvice beans: 0 @ExceptionHandler, 1 ResponseBodyAdvice
23:29:52.457 [main] INFO org.springframework.mock.web.MockServletContext -- Initializing Spring TestDispatcherServlet ''
23:29:52.458 [main] INFO org.springframework.test.web.servlet.TestDispatcherServlet -- Initializing Servlet ''
23:29:52.458 [main] DEBUG org.springframework.test.web.servlet.TestDispatcherServlet -- Detected AcceptHeaderLocaleResolver
23:29:52.458 [main] DEBUG org.springframework.test.web.servlet.TestDispatcherServlet -- Detected FixedThemeResolver
23:29:52.458 [main] DEBUG org.springframework.test.web.servlet.TestDispatcherServlet -- Detected org.springframework.web.servlet.view.DefaultRequestToViewNameTranslator@611e5819
23:29:52.458 [main] DEBUG org.springframework.test.web.servlet.TestDispatcherServlet -- Detected org.springframework.web.servlet.support.SessionFlashMapManager@681c0ae6
23:29:52.458 [main] DEBUG org.springframework.test.web.servlet.TestDispatcherServlet -- enableLoggingRequestDetails='false': request parameters and headers will be masked to prevent unsafe logging of potentially sensitive data
23:29:52.458 [main] INFO org.springframework.test.web.servlet.TestDispatcherServlet -- Completed initialization in 0 ms
23:29:52.466 [main] DEBUG org.springframework.test.web.servlet.TestDispatcherServlet -- PUT "/api/v1/users/test_long", parameters={}
23:29:52.466 [main] DEBUG org.springframework.web.servlet.mvc.method.annotation.RequestMappingHandlerMapping -- Mapped to com.capstone.project.controller.UserController#updateUser(String, UserRequest, BindingResult)
23:29:52.471 [main] DEBUG org.springframework.web.method.HandlerMethod -- Could not resolve parameter [1] in public org.springframework.http.ResponseEntity<?> com.capstone.project.controller.UserController.updateUser(java.lang.String,com.capstone.project.dto.UserRequest,org.springframework.validation.BindingResult): JSON parse error: Invalid date format. Date must be in the format of YYYY-MM-DD
23:29:52.472 [main] WARN org.springframework.web.servlet.mvc.support.DefaultHandlerExceptionResolver -- Resolved [org.springframework.http.converter.HttpMessageNotReadableException: JSON parse error: Invalid date format. Date must be in the format of YYYY-MM-DD]
23:29:52.472 [main] DEBUG org.springframework.test.web.servlet.TestDispatcherServlet -- Completed 400 BAD_REQUEST
]]></system-out>
  </testcase>
  <testcase name="testFindAllNameExcept{String, int}[1]" classname="com.capstone.project.controller.UserControllerTest" time="0.043"/>
  <testcase name="testFindAllNameExcept{String, int}[2]" classname="com.capstone.project.controller.UserControllerTest" time="0.022"/>
  <testcase name="testFindAllNameExcept{String, int}[3]" classname="com.capstone.project.controller.UserControllerTest" time="0.02"/>
  <testcase name="testFindAllNameExcept{String, int}[4]" classname="com.capstone.project.controller.UserControllerTest" time="0.017"/>
  <testcase name="testBanUser{String, boolean}[1]" classname="com.capstone.project.controller.UserControllerTest" time="0.024">
    <failure message="No value at JSON path &quot;$.success&quot;" type="java.lang.AssertionError">java.lang.AssertionError: No value at JSON path "$.success"
	at com.capstone.project.controller.UserControllerTest.testBanUser(UserControllerTest.java:207)
Caused by: com.jayway.jsonpath.PathNotFoundException: Expected to find an object with property ['success'] in path $ but found 'java.lang.Boolean'. This is not a json object according to the JsonProvider: 'com.jayway.jsonpath.spi.json.JsonSmartJsonProvider'.
</failure>
    <system-out><![CDATA[23:29:52.585 [main] DEBUG org.hibernate.validator.messageinterpolation.ResourceBundleMessageInterpolator -- Loaded expression factory via original TCCL
23:29:52.585 [main] DEBUG org.hibernate.validator.internal.engine.AbstractConfigurationImpl -- Setting custom MessageInterpolator of type org.springframework.validation.beanvalidation.LocaleContextMessageInterpolator
23:29:52.585 [main] DEBUG org.hibernate.validator.internal.xml.config.ValidationXmlParser -- Trying to load META-INF/validation.xml for XML based Validator configuration.
23:29:52.585 [main] DEBUG org.hibernate.validator.internal.xml.config.ResourceLoaderHelper -- Trying to load META-INF/validation.xml via TCCL
23:29:52.586 [main] DEBUG org.hibernate.validator.internal.xml.config.ResourceLoaderHelper -- Trying to load META-INF/validation.xml via Hibernate Validator's class loader
23:29:52.586 [main] DEBUG org.hibernate.validator.internal.xml.config.ValidationXmlParser -- No META-INF/validation.xml found. Using annotation based configuration only.
23:29:52.586 [main] DEBUG org.hibernate.validator.internal.engine.resolver.TraversableResolvers -- Found jakarta.persistence.Persistence on classpath containing 'getPersistenceUtil'. Assuming JPA 2 environment. Trying to instantiate JPA aware TraversableResolver
23:29:52.586 [main] DEBUG org.hibernate.validator.internal.engine.resolver.TraversableResolvers -- Instantiated JPA aware TraversableResolver of type org.hibernate.validator.internal.engine.resolver.JPATraversableResolver.
23:29:52.588 [main] DEBUG org.hibernate.validator.internal.engine.ValidatorFactoryConfigurationHelper -- HV000252: Using org.hibernate.validator.internal.engine.DefaultPropertyNodeNameProvider as property node name provider.
23:29:52.589 [main] DEBUG org.hibernate.validator.internal.engine.ValidatorFactoryConfigurationHelper -- HV000234: Using org.springframework.validation.beanvalidation.LocaleContextMessageInterpolator as ValidatorFactory-scoped message interpolator.
23:29:52.589 [main] DEBUG org.hibernate.validator.internal.engine.ValidatorFactoryConfigurationHelper -- HV000234: Using org.hibernate.validator.internal.engine.resolver.JPATraversableResolver as ValidatorFactory-scoped traversable resolver.
23:29:52.589 [main] DEBUG org.hibernate.validator.internal.engine.ValidatorFactoryConfigurationHelper -- HV000234: Using org.hibernate.validator.internal.util.ExecutableParameterNameProvider as ValidatorFactory-scoped parameter name provider.
23:29:52.589 [main] DEBUG org.hibernate.validator.internal.engine.ValidatorFactoryConfigurationHelper -- HV000234: Using org.hibernate.validator.internal.engine.DefaultClockProvider as ValidatorFactory-scoped clock provider.
23:29:52.589 [main] DEBUG org.hibernate.validator.internal.engine.ValidatorFactoryConfigurationHelper -- HV000234: Using org.hibernate.validator.internal.engine.scripting.DefaultScriptEvaluatorFactory as ValidatorFactory-scoped script evaluator factory.
23:29:52.593 [main] DEBUG _org.springframework.web.servlet.HandlerMapping.Mappings -- 
	c.c.p.c.UserController:
	{PUT [/api/v1/users/{username}]}: updateUser(String,UserRequest,BindingResult)
	{GET [/api/v1/users/{username}/ban]}: banUser(String)
	{GET [/api/v1/otherusers/{except}]}: findAllNameExcept(String)
	{GET [/api/v1/users/{username}/recover]}: recoverUser(String)
	{GET [/api/v1/users/{username}/delete]}: deleteUser(String)
	{GET [/api/v1/sendverify]}: sendVerificationEmail(String)
	{GET [/api/v1/sendreset]}: sendResetPasswordEmail(String)
	{GET [/api/v1/verify]}: verifyAccount(String)
	{POST [/api/v1/reset]}: resetPassword(String,String,ChangePasswordRequest,BindingResult)
	{POST [/api/v1/checkpassword]}: checkMatchPassword(String,ChangePasswordRequest,BindingResult)
	{POST [/api/v1/changepassword]}: changePassword(String,ChangePasswordRequest,BindingResult)
	{GET [/api/v1/users/{username}]}: getUser(String)
23:29:52.595 [main] DEBUG org.springframework.web.servlet.mvc.method.annotation.RequestMappingHandlerMapping -- 12 mappings in org.springframework.web.servlet.mvc.method.annotation.RequestMappingHandlerMapping
23:29:52.596 [main] DEBUG org.springframework.web.servlet.mvc.method.annotation.RequestMappingHandlerAdapter -- ControllerAdvice beans: 0 @ModelAttribute, 0 @InitBinder, 1 RequestBodyAdvice, 1 ResponseBodyAdvice
23:29:52.597 [main] DEBUG org.springframework.web.servlet.mvc.method.annotation.ExceptionHandlerExceptionResolver -- ControllerAdvice beans: 0 @ExceptionHandler, 1 ResponseBodyAdvice
23:29:52.597 [main] INFO org.springframework.mock.web.MockServletContext -- Initializing Spring TestDispatcherServlet ''
23:29:52.597 [main] INFO org.springframework.test.web.servlet.TestDispatcherServlet -- Initializing Servlet ''
23:29:52.597 [main] DEBUG org.springframework.test.web.servlet.TestDispatcherServlet -- Detected AcceptHeaderLocaleResolver
23:29:52.597 [main] DEBUG org.springframework.test.web.servlet.TestDispatcherServlet -- Detected FixedThemeResolver
23:29:52.597 [main] DEBUG org.springframework.test.web.servlet.TestDispatcherServlet -- Detected org.springframework.web.servlet.view.DefaultRequestToViewNameTranslator@413d2cd1
23:29:52.597 [main] DEBUG org.springframework.test.web.servlet.TestDispatcherServlet -- Detected org.springframework.web.servlet.support.SessionFlashMapManager@644d1b61
23:29:52.597 [main] DEBUG org.springframework.test.web.servlet.TestDispatcherServlet -- enableLoggingRequestDetails='false': request parameters and headers will be masked to prevent unsafe logging of potentially sensitive data
23:29:52.597 [main] INFO org.springframework.test.web.servlet.TestDispatcherServlet -- Completed initialization in 0 ms
23:29:52.600 [main] DEBUG org.springframework.test.web.servlet.TestDispatcherServlet -- GET "/api/v1/users/test_long/ban", parameters={}
23:29:52.600 [main] DEBUG org.springframework.web.servlet.mvc.method.annotation.RequestMappingHandlerMapping -- Mapped to com.capstone.project.controller.UserController#banUser(String)
23:29:52.604 [main] DEBUG org.springframework.web.servlet.mvc.method.annotation.HttpEntityMethodProcessor -- Using 'application/json', given [*/*] and supported [application/json, application/*+json]
23:29:52.604 [main] DEBUG org.springframework.web.servlet.mvc.method.annotation.HttpEntityMethodProcessor -- Writing [true]
23:29:52.605 [main] DEBUG org.springframework.test.web.servlet.TestDispatcherServlet -- Completed 200 OK
23:29:52.605 [main] DEBUG com.jayway.jsonpath.internal.path.CompiledPath -- Evaluating path: $['success']
]]></system-out>
  </testcase>
  <testcase name="testBanUser{String, boolean}[2]" classname="com.capstone.project.controller.UserControllerTest" time="0.017">
    <failure message="No value at JSON path &quot;$.success&quot;" type="java.lang.AssertionError">java.lang.AssertionError: No value at JSON path "$.success"
	at com.capstone.project.controller.UserControllerTest.testBanUser(UserControllerTest.java:207)
Caused by: com.jayway.jsonpath.PathNotFoundException: Expected to find an object with property ['success'] in path $ but found 'java.lang.Boolean'. This is not a json object according to the JsonProvider: 'com.jayway.jsonpath.spi.json.JsonSmartJsonProvider'.
</failure>
    <system-out><![CDATA[23:29:52.609 [main] DEBUG org.hibernate.validator.messageinterpolation.ResourceBundleMessageInterpolator -- Loaded expression factory via original TCCL
23:29:52.609 [main] DEBUG org.hibernate.validator.internal.engine.AbstractConfigurationImpl -- Setting custom MessageInterpolator of type org.springframework.validation.beanvalidation.LocaleContextMessageInterpolator
23:29:52.609 [main] DEBUG org.hibernate.validator.internal.xml.config.ValidationXmlParser -- Trying to load META-INF/validation.xml for XML based Validator configuration.
23:29:52.609 [main] DEBUG org.hibernate.validator.internal.xml.config.ResourceLoaderHelper -- Trying to load META-INF/validation.xml via TCCL
23:29:52.609 [main] DEBUG org.hibernate.validator.internal.xml.config.ResourceLoaderHelper -- Trying to load META-INF/validation.xml via Hibernate Validator's class loader
23:29:52.609 [main] DEBUG org.hibernate.validator.internal.xml.config.ValidationXmlParser -- No META-INF/validation.xml found. Using annotation based configuration only.
23:29:52.610 [main] DEBUG org.hibernate.validator.internal.engine.resolver.TraversableResolvers -- Found jakarta.persistence.Persistence on classpath containing 'getPersistenceUtil'. Assuming JPA 2 environment. Trying to instantiate JPA aware TraversableResolver
23:29:52.610 [main] DEBUG org.hibernate.validator.internal.engine.resolver.TraversableResolvers -- Instantiated JPA aware TraversableResolver of type org.hibernate.validator.internal.engine.resolver.JPATraversableResolver.
23:29:52.611 [main] DEBUG org.hibernate.validator.internal.engine.ValidatorFactoryConfigurationHelper -- HV000252: Using org.hibernate.validator.internal.engine.DefaultPropertyNodeNameProvider as property node name provider.
23:29:52.611 [main] DEBUG org.hibernate.validator.internal.engine.ValidatorFactoryConfigurationHelper -- HV000234: Using org.springframework.validation.beanvalidation.LocaleContextMessageInterpolator as ValidatorFactory-scoped message interpolator.
23:29:52.611 [main] DEBUG org.hibernate.validator.internal.engine.ValidatorFactoryConfigurationHelper -- HV000234: Using org.hibernate.validator.internal.engine.resolver.JPATraversableResolver as ValidatorFactory-scoped traversable resolver.
23:29:52.611 [main] DEBUG org.hibernate.validator.internal.engine.ValidatorFactoryConfigurationHelper -- HV000234: Using org.hibernate.validator.internal.util.ExecutableParameterNameProvider as ValidatorFactory-scoped parameter name provider.
23:29:52.611 [main] DEBUG org.hibernate.validator.internal.engine.ValidatorFactoryConfigurationHelper -- HV000234: Using org.hibernate.validator.internal.engine.DefaultClockProvider as ValidatorFactory-scoped clock provider.
23:29:52.611 [main] DEBUG org.hibernate.validator.internal.engine.ValidatorFactoryConfigurationHelper -- HV000234: Using org.hibernate.validator.internal.engine.scripting.DefaultScriptEvaluatorFactory as ValidatorFactory-scoped script evaluator factory.
23:29:52.614 [main] DEBUG _org.springframework.web.servlet.HandlerMapping.Mappings -- 
	c.c.p.c.UserController:
	{PUT [/api/v1/users/{username}]}: updateUser(String,UserRequest,BindingResult)
	{GET [/api/v1/users/{username}/ban]}: banUser(String)
	{GET [/api/v1/otherusers/{except}]}: findAllNameExcept(String)
	{GET [/api/v1/users/{username}/recover]}: recoverUser(String)
	{GET [/api/v1/users/{username}/delete]}: deleteUser(String)
	{GET [/api/v1/sendverify]}: sendVerificationEmail(String)
	{GET [/api/v1/sendreset]}: sendResetPasswordEmail(String)
	{GET [/api/v1/verify]}: verifyAccount(String)
	{POST [/api/v1/reset]}: resetPassword(String,String,ChangePasswordRequest,BindingResult)
	{POST [/api/v1/checkpassword]}: checkMatchPassword(String,ChangePasswordRequest,BindingResult)
	{POST [/api/v1/changepassword]}: changePassword(String,ChangePasswordRequest,BindingResult)
	{GET [/api/v1/users/{username}]}: getUser(String)
23:29:52.616 [main] DEBUG org.springframework.web.servlet.mvc.method.annotation.RequestMappingHandlerMapping -- 12 mappings in org.springframework.web.servlet.mvc.method.annotation.RequestMappingHandlerMapping
23:29:52.618 [main] DEBUG org.springframework.web.servlet.mvc.method.annotation.RequestMappingHandlerAdapter -- ControllerAdvice beans: 0 @ModelAttribute, 0 @InitBinder, 1 RequestBodyAdvice, 1 ResponseBodyAdvice
23:29:52.618 [main] DEBUG org.springframework.web.servlet.mvc.method.annotation.ExceptionHandlerExceptionResolver -- ControllerAdvice beans: 0 @ExceptionHandler, 1 ResponseBodyAdvice
23:29:52.618 [main] INFO org.springframework.mock.web.MockServletContext -- Initializing Spring TestDispatcherServlet ''
23:29:52.618 [main] INFO org.springframework.test.web.servlet.TestDispatcherServlet -- Initializing Servlet ''
23:29:52.618 [main] DEBUG org.springframework.test.web.servlet.TestDispatcherServlet -- Detected AcceptHeaderLocaleResolver
23:29:52.618 [main] DEBUG org.springframework.test.web.servlet.TestDispatcherServlet -- Detected FixedThemeResolver
23:29:52.618 [main] DEBUG org.springframework.test.web.servlet.TestDispatcherServlet -- Detected org.springframework.web.servlet.view.DefaultRequestToViewNameTranslator@6cbb175
23:29:52.619 [main] DEBUG org.springframework.test.web.servlet.TestDispatcherServlet -- Detected org.springframework.web.servlet.support.SessionFlashMapManager@38fb50f8
23:29:52.619 [main] DEBUG org.springframework.test.web.servlet.TestDispatcherServlet -- enableLoggingRequestDetails='false': request parameters and headers will be masked to prevent unsafe logging of potentially sensitive data
23:29:52.619 [main] INFO org.springframework.test.web.servlet.TestDispatcherServlet -- Completed initialization in 1 ms
23:29:52.620 [main] DEBUG org.springframework.test.web.servlet.TestDispatcherServlet -- GET "/api/v1/users/test_long/ban", parameters={}
23:29:52.620 [main] DEBUG org.springframework.web.servlet.mvc.method.annotation.RequestMappingHandlerMapping -- Mapped to com.capstone.project.controller.UserController#banUser(String)
23:29:52.621 [main] DEBUG org.springframework.web.servlet.mvc.method.annotation.HttpEntityMethodProcessor -- Using 'application/json', given [*/*] and supported [application/json, application/*+json]
23:29:52.621 [main] DEBUG org.springframework.web.servlet.mvc.method.annotation.HttpEntityMethodProcessor -- Writing [false]
23:29:52.621 [main] DEBUG org.springframework.test.web.servlet.TestDispatcherServlet -- Completed 200 OK
23:29:52.621 [main] DEBUG com.jayway.jsonpath.internal.path.CompiledPath -- Evaluating path: $['success']
]]></system-out>
  </testcase>
  <testcase name="testDeleteUser{String, boolean}[1]" classname="com.capstone.project.controller.UserControllerTest" time="0.024">
    <failure message="No value at JSON path &quot;$.success&quot;" type="java.lang.AssertionError">java.lang.AssertionError: No value at JSON path "$.success"
	at com.capstone.project.controller.UserControllerTest.testDeleteUser(UserControllerTest.java:221)
Caused by: com.jayway.jsonpath.PathNotFoundException: Expected to find an object with property ['success'] in path $ but found 'java.lang.Boolean'. This is not a json object according to the JsonProvider: 'com.jayway.jsonpath.spi.json.JsonSmartJsonProvider'.
</failure>
    <system-out><![CDATA[23:29:52.628 [main] DEBUG org.hibernate.validator.messageinterpolation.ResourceBundleMessageInterpolator -- Loaded expression factory via original TCCL
23:29:52.628 [main] DEBUG org.hibernate.validator.internal.engine.AbstractConfigurationImpl -- Setting custom MessageInterpolator of type org.springframework.validation.beanvalidation.LocaleContextMessageInterpolator
23:29:52.628 [main] DEBUG org.hibernate.validator.internal.xml.config.ValidationXmlParser -- Trying to load META-INF/validation.xml for XML based Validator configuration.
23:29:52.628 [main] DEBUG org.hibernate.validator.internal.xml.config.ResourceLoaderHelper -- Trying to load META-INF/validation.xml via TCCL
23:29:52.629 [main] DEBUG org.hibernate.validator.internal.xml.config.ResourceLoaderHelper -- Trying to load META-INF/validation.xml via Hibernate Validator's class loader
23:29:52.629 [main] DEBUG org.hibernate.validator.internal.xml.config.ValidationXmlParser -- No META-INF/validation.xml found. Using annotation based configuration only.
23:29:52.629 [main] DEBUG org.hibernate.validator.internal.engine.resolver.TraversableResolvers -- Found jakarta.persistence.Persistence on classpath containing 'getPersistenceUtil'. Assuming JPA 2 environment. Trying to instantiate JPA aware TraversableResolver
23:29:52.629 [main] DEBUG org.hibernate.validator.internal.engine.resolver.TraversableResolvers -- Instantiated JPA aware TraversableResolver of type org.hibernate.validator.internal.engine.resolver.JPATraversableResolver.
23:29:52.631 [main] DEBUG org.hibernate.validator.internal.engine.ValidatorFactoryConfigurationHelper -- HV000252: Using org.hibernate.validator.internal.engine.DefaultPropertyNodeNameProvider as property node name provider.
23:29:52.631 [main] DEBUG org.hibernate.validator.internal.engine.ValidatorFactoryConfigurationHelper -- HV000234: Using org.springframework.validation.beanvalidation.LocaleContextMessageInterpolator as ValidatorFactory-scoped message interpolator.
23:29:52.631 [main] DEBUG org.hibernate.validator.internal.engine.ValidatorFactoryConfigurationHelper -- HV000234: Using org.hibernate.validator.internal.engine.resolver.JPATraversableResolver as ValidatorFactory-scoped traversable resolver.
23:29:52.631 [main] DEBUG org.hibernate.validator.internal.engine.ValidatorFactoryConfigurationHelper -- HV000234: Using org.hibernate.validator.internal.util.ExecutableParameterNameProvider as ValidatorFactory-scoped parameter name provider.
23:29:52.631 [main] DEBUG org.hibernate.validator.internal.engine.ValidatorFactoryConfigurationHelper -- HV000234: Using org.hibernate.validator.internal.engine.DefaultClockProvider as ValidatorFactory-scoped clock provider.
23:29:52.632 [main] DEBUG org.hibernate.validator.internal.engine.ValidatorFactoryConfigurationHelper -- HV000234: Using org.hibernate.validator.internal.engine.scripting.DefaultScriptEvaluatorFactory as ValidatorFactory-scoped script evaluator factory.
23:29:52.635 [main] DEBUG _org.springframework.web.servlet.HandlerMapping.Mappings -- 
	c.c.p.c.UserController:
	{PUT [/api/v1/users/{username}]}: updateUser(String,UserRequest,BindingResult)
	{GET [/api/v1/users/{username}/ban]}: banUser(String)
	{GET [/api/v1/otherusers/{except}]}: findAllNameExcept(String)
	{GET [/api/v1/users/{username}/recover]}: recoverUser(String)
	{GET [/api/v1/users/{username}/delete]}: deleteUser(String)
	{GET [/api/v1/sendverify]}: sendVerificationEmail(String)
	{GET [/api/v1/sendreset]}: sendResetPasswordEmail(String)
	{GET [/api/v1/verify]}: verifyAccount(String)
	{POST [/api/v1/reset]}: resetPassword(String,String,ChangePasswordRequest,BindingResult)
	{POST [/api/v1/checkpassword]}: checkMatchPassword(String,ChangePasswordRequest,BindingResult)
	{POST [/api/v1/changepassword]}: changePassword(String,ChangePasswordRequest,BindingResult)
	{GET [/api/v1/users/{username}]}: getUser(String)
23:29:52.639 [main] DEBUG org.springframework.web.servlet.mvc.method.annotation.RequestMappingHandlerMapping -- 12 mappings in org.springframework.web.servlet.mvc.method.annotation.RequestMappingHandlerMapping
23:29:52.641 [main] DEBUG org.springframework.web.servlet.mvc.method.annotation.RequestMappingHandlerAdapter -- ControllerAdvice beans: 0 @ModelAttribute, 0 @InitBinder, 1 RequestBodyAdvice, 1 ResponseBodyAdvice
23:29:52.641 [main] DEBUG org.springframework.web.servlet.mvc.method.annotation.ExceptionHandlerExceptionResolver -- ControllerAdvice beans: 0 @ExceptionHandler, 1 ResponseBodyAdvice
23:29:52.642 [main] INFO org.springframework.mock.web.MockServletContext -- Initializing Spring TestDispatcherServlet ''
23:29:52.642 [main] INFO org.springframework.test.web.servlet.TestDispatcherServlet -- Initializing Servlet ''
23:29:52.642 [main] DEBUG org.springframework.test.web.servlet.TestDispatcherServlet -- Detected AcceptHeaderLocaleResolver
23:29:52.642 [main] DEBUG org.springframework.test.web.servlet.TestDispatcherServlet -- Detected FixedThemeResolver
23:29:52.642 [main] DEBUG org.springframework.test.web.servlet.TestDispatcherServlet -- Detected org.springframework.web.servlet.view.DefaultRequestToViewNameTranslator@437bd805
23:29:52.642 [main] DEBUG org.springframework.test.web.servlet.TestDispatcherServlet -- Detected org.springframework.web.servlet.support.SessionFlashMapManager@4b88ca8e
23:29:52.642 [main] DEBUG org.springframework.test.web.servlet.TestDispatcherServlet -- enableLoggingRequestDetails='false': request parameters and headers will be masked to prevent unsafe logging of potentially sensitive data
23:29:52.642 [main] INFO org.springframework.test.web.servlet.TestDispatcherServlet -- Completed initialization in 0 ms
23:29:52.644 [main] DEBUG org.springframework.test.web.servlet.TestDispatcherServlet -- GET "/api/v1/users/test_long/delete", parameters={}
23:29:52.645 [main] DEBUG org.springframework.web.servlet.mvc.method.annotation.RequestMappingHandlerMapping -- Mapped to com.capstone.project.controller.UserController#deleteUser(String)
23:29:52.647 [main] DEBUG org.springframework.web.servlet.mvc.method.annotation.HttpEntityMethodProcessor -- Using 'application/json', given [*/*] and supported [application/json, application/*+json]
23:29:52.647 [main] DEBUG org.springframework.web.servlet.mvc.method.annotation.HttpEntityMethodProcessor -- Writing [true]
23:29:52.648 [main] DEBUG org.springframework.test.web.servlet.TestDispatcherServlet -- Completed 200 OK
23:29:52.648 [main] DEBUG com.jayway.jsonpath.internal.path.CompiledPath -- Evaluating path: $['success']
]]></system-out>
  </testcase>
  <testcase name="testDeleteUser{String, boolean}[2]" classname="com.capstone.project.controller.UserControllerTest" time="0.024">
    <failure message="No value at JSON path &quot;$.success&quot;" type="java.lang.AssertionError">java.lang.AssertionError: No value at JSON path "$.success"
	at com.capstone.project.controller.UserControllerTest.testDeleteUser(UserControllerTest.java:221)
Caused by: com.jayway.jsonpath.PathNotFoundException: Expected to find an object with property ['success'] in path $ but found 'java.lang.Boolean'. This is not a json object according to the JsonProvider: 'com.jayway.jsonpath.spi.json.JsonSmartJsonProvider'.
</failure>
    <system-out><![CDATA[23:29:52.653 [main] DEBUG org.hibernate.validator.messageinterpolation.ResourceBundleMessageInterpolator -- Loaded expression factory via original TCCL
23:29:52.653 [main] DEBUG org.hibernate.validator.internal.engine.AbstractConfigurationImpl -- Setting custom MessageInterpolator of type org.springframework.validation.beanvalidation.LocaleContextMessageInterpolator
23:29:52.653 [main] DEBUG org.hibernate.validator.internal.xml.config.ValidationXmlParser -- Trying to load META-INF/validation.xml for XML based Validator configuration.
23:29:52.653 [main] DEBUG org.hibernate.validator.internal.xml.config.ResourceLoaderHelper -- Trying to load META-INF/validation.xml via TCCL
23:29:52.653 [main] DEBUG org.hibernate.validator.internal.xml.config.ResourceLoaderHelper -- Trying to load META-INF/validation.xml via Hibernate Validator's class loader
23:29:52.654 [main] DEBUG org.hibernate.validator.internal.xml.config.ValidationXmlParser -- No META-INF/validation.xml found. Using annotation based configuration only.
23:29:52.654 [main] DEBUG org.hibernate.validator.internal.engine.resolver.TraversableResolvers -- Found jakarta.persistence.Persistence on classpath containing 'getPersistenceUtil'. Assuming JPA 2 environment. Trying to instantiate JPA aware TraversableResolver
23:29:52.654 [main] DEBUG org.hibernate.validator.internal.engine.resolver.TraversableResolvers -- Instantiated JPA aware TraversableResolver of type org.hibernate.validator.internal.engine.resolver.JPATraversableResolver.
23:29:52.656 [main] DEBUG org.hibernate.validator.internal.engine.ValidatorFactoryConfigurationHelper -- HV000252: Using org.hibernate.validator.internal.engine.DefaultPropertyNodeNameProvider as property node name provider.
23:29:52.657 [main] DEBUG org.hibernate.validator.internal.engine.ValidatorFactoryConfigurationHelper -- HV000234: Using org.springframework.validation.beanvalidation.LocaleContextMessageInterpolator as ValidatorFactory-scoped message interpolator.
23:29:52.657 [main] DEBUG org.hibernate.validator.internal.engine.ValidatorFactoryConfigurationHelper -- HV000234: Using org.hibernate.validator.internal.engine.resolver.JPATraversableResolver as ValidatorFactory-scoped traversable resolver.
23:29:52.657 [main] DEBUG org.hibernate.validator.internal.engine.ValidatorFactoryConfigurationHelper -- HV000234: Using org.hibernate.validator.internal.util.ExecutableParameterNameProvider as ValidatorFactory-scoped parameter name provider.
23:29:52.657 [main] DEBUG org.hibernate.validator.internal.engine.ValidatorFactoryConfigurationHelper -- HV000234: Using org.hibernate.validator.internal.engine.DefaultClockProvider as ValidatorFactory-scoped clock provider.
23:29:52.657 [main] DEBUG org.hibernate.validator.internal.engine.ValidatorFactoryConfigurationHelper -- HV000234: Using org.hibernate.validator.internal.engine.scripting.DefaultScriptEvaluatorFactory as ValidatorFactory-scoped script evaluator factory.
23:29:52.661 [main] DEBUG _org.springframework.web.servlet.HandlerMapping.Mappings -- 
	c.c.p.c.UserController:
	{PUT [/api/v1/users/{username}]}: updateUser(String,UserRequest,BindingResult)
	{GET [/api/v1/users/{username}/ban]}: banUser(String)
	{GET [/api/v1/otherusers/{except}]}: findAllNameExcept(String)
	{GET [/api/v1/users/{username}/recover]}: recoverUser(String)
	{GET [/api/v1/users/{username}/delete]}: deleteUser(String)
	{GET [/api/v1/sendverify]}: sendVerificationEmail(String)
	{GET [/api/v1/sendreset]}: sendResetPasswordEmail(String)
	{GET [/api/v1/verify]}: verifyAccount(String)
	{POST [/api/v1/reset]}: resetPassword(String,String,ChangePasswordRequest,BindingResult)
	{POST [/api/v1/checkpassword]}: checkMatchPassword(String,ChangePasswordRequest,BindingResult)
	{POST [/api/v1/changepassword]}: changePassword(String,ChangePasswordRequest,BindingResult)
	{GET [/api/v1/users/{username}]}: getUser(String)
23:29:52.664 [main] DEBUG org.springframework.web.servlet.mvc.method.annotation.RequestMappingHandlerMapping -- 12 mappings in org.springframework.web.servlet.mvc.method.annotation.RequestMappingHandlerMapping
23:29:52.667 [main] DEBUG org.springframework.web.servlet.mvc.method.annotation.RequestMappingHandlerAdapter -- ControllerAdvice beans: 0 @ModelAttribute, 0 @InitBinder, 1 RequestBodyAdvice, 1 ResponseBodyAdvice
23:29:52.667 [main] DEBUG org.springframework.web.servlet.mvc.method.annotation.ExceptionHandlerExceptionResolver -- ControllerAdvice beans: 0 @ExceptionHandler, 1 ResponseBodyAdvice
23:29:52.667 [main] INFO org.springframework.mock.web.MockServletContext -- Initializing Spring TestDispatcherServlet ''
23:29:52.667 [main] INFO org.springframework.test.web.servlet.TestDispatcherServlet -- Initializing Servlet ''
23:29:52.668 [main] DEBUG org.springframework.test.web.servlet.TestDispatcherServlet -- Detected AcceptHeaderLocaleResolver
23:29:52.668 [main] DEBUG org.springframework.test.web.servlet.TestDispatcherServlet -- Detected FixedThemeResolver
23:29:52.668 [main] DEBUG org.springframework.test.web.servlet.TestDispatcherServlet -- Detected org.springframework.web.servlet.view.DefaultRequestToViewNameTranslator@6b63abdc
23:29:52.668 [main] DEBUG org.springframework.test.web.servlet.TestDispatcherServlet -- Detected org.springframework.web.servlet.support.SessionFlashMapManager@7b351446
23:29:52.668 [main] DEBUG org.springframework.test.web.servlet.TestDispatcherServlet -- enableLoggingRequestDetails='false': request parameters and headers will be masked to prevent unsafe logging of potentially sensitive data
23:29:52.668 [main] INFO org.springframework.test.web.servlet.TestDispatcherServlet -- Completed initialization in 0 ms
23:29:52.670 [main] DEBUG org.springframework.test.web.servlet.TestDispatcherServlet -- GET "/api/v1/users/test_long/delete", parameters={}
23:29:52.670 [main] DEBUG org.springframework.web.servlet.mvc.method.annotation.RequestMappingHandlerMapping -- Mapped to com.capstone.project.controller.UserController#deleteUser(String)
23:29:52.671 [main] DEBUG org.springframework.web.servlet.mvc.method.annotation.HttpEntityMethodProcessor -- Using 'application/json', given [*/*] and supported [application/json, application/*+json]
23:29:52.671 [main] DEBUG org.springframework.web.servlet.mvc.method.annotation.HttpEntityMethodProcessor -- Writing [false]
23:29:52.673 [main] DEBUG org.springframework.test.web.servlet.TestDispatcherServlet -- Completed 200 OK
23:29:52.673 [main] DEBUG com.jayway.jsonpath.internal.path.CompiledPath -- Evaluating path: $['success']
]]></system-out>
  </testcase>
  <testcase name="testRecoverUser{String, boolean}[1]" classname="com.capstone.project.controller.UserControllerTest" time="0.023">
    <failure message="No value at JSON path &quot;$.success&quot;" type="java.lang.AssertionError">java.lang.AssertionError: No value at JSON path "$.success"
	at com.capstone.project.controller.UserControllerTest.testRecoverUser(UserControllerTest.java:236)
Caused by: com.jayway.jsonpath.PathNotFoundException: Expected to find an object with property ['success'] in path $ but found 'java.lang.Boolean'. This is not a json object according to the JsonProvider: 'com.jayway.jsonpath.spi.json.JsonSmartJsonProvider'.
</failure>
    <system-out><![CDATA[23:29:52.691 [main] DEBUG org.hibernate.validator.messageinterpolation.ResourceBundleMessageInterpolator -- Loaded expression factory via original TCCL
23:29:52.693 [main] DEBUG org.hibernate.validator.internal.engine.AbstractConfigurationImpl -- Setting custom MessageInterpolator of type org.springframework.validation.beanvalidation.LocaleContextMessageInterpolator
23:29:52.693 [main] DEBUG org.hibernate.validator.internal.xml.config.ValidationXmlParser -- Trying to load META-INF/validation.xml for XML based Validator configuration.
23:29:52.693 [main] DEBUG org.hibernate.validator.internal.xml.config.ResourceLoaderHelper -- Trying to load META-INF/validation.xml via TCCL
23:29:52.694 [main] DEBUG org.hibernate.validator.internal.xml.config.ResourceLoaderHelper -- Trying to load META-INF/validation.xml via Hibernate Validator's class loader
23:29:52.694 [main] DEBUG org.hibernate.validator.internal.xml.config.ValidationXmlParser -- No META-INF/validation.xml found. Using annotation based configuration only.
23:29:52.694 [main] DEBUG org.hibernate.validator.internal.engine.resolver.TraversableResolvers -- Found jakarta.persistence.Persistence on classpath containing 'getPersistenceUtil'. Assuming JPA 2 environment. Trying to instantiate JPA aware TraversableResolver
23:29:52.694 [main] DEBUG org.hibernate.validator.internal.engine.resolver.TraversableResolvers -- Instantiated JPA aware TraversableResolver of type org.hibernate.validator.internal.engine.resolver.JPATraversableResolver.
23:29:52.697 [main] DEBUG org.hibernate.validator.internal.engine.ValidatorFactoryConfigurationHelper -- HV000252: Using org.hibernate.validator.internal.engine.DefaultPropertyNodeNameProvider as property node name provider.
23:29:52.698 [main] DEBUG org.hibernate.validator.internal.engine.ValidatorFactoryConfigurationHelper -- HV000234: Using org.springframework.validation.beanvalidation.LocaleContextMessageInterpolator as ValidatorFactory-scoped message interpolator.
23:29:52.698 [main] DEBUG org.hibernate.validator.internal.engine.ValidatorFactoryConfigurationHelper -- HV000234: Using org.hibernate.validator.internal.engine.resolver.JPATraversableResolver as ValidatorFactory-scoped traversable resolver.
23:29:52.698 [main] DEBUG org.hibernate.validator.internal.engine.ValidatorFactoryConfigurationHelper -- HV000234: Using org.hibernate.validator.internal.util.ExecutableParameterNameProvider as ValidatorFactory-scoped parameter name provider.
23:29:52.698 [main] DEBUG org.hibernate.validator.internal.engine.ValidatorFactoryConfigurationHelper -- HV000234: Using org.hibernate.validator.internal.engine.DefaultClockProvider as ValidatorFactory-scoped clock provider.
23:29:52.698 [main] DEBUG org.hibernate.validator.internal.engine.ValidatorFactoryConfigurationHelper -- HV000234: Using org.hibernate.validator.internal.engine.scripting.DefaultScriptEvaluatorFactory as ValidatorFactory-scoped script evaluator factory.
23:29:52.702 [main] DEBUG _org.springframework.web.servlet.HandlerMapping.Mappings -- 
	c.c.p.c.UserController:
	{PUT [/api/v1/users/{username}]}: updateUser(String,UserRequest,BindingResult)
	{GET [/api/v1/users/{username}/ban]}: banUser(String)
	{GET [/api/v1/otherusers/{except}]}: findAllNameExcept(String)
	{GET [/api/v1/users/{username}/recover]}: recoverUser(String)
	{GET [/api/v1/users/{username}/delete]}: deleteUser(String)
	{GET [/api/v1/sendverify]}: sendVerificationEmail(String)
	{GET [/api/v1/sendreset]}: sendResetPasswordEmail(String)
	{GET [/api/v1/verify]}: verifyAccount(String)
	{POST [/api/v1/reset]}: resetPassword(String,String,ChangePasswordRequest,BindingResult)
	{POST [/api/v1/checkpassword]}: checkMatchPassword(String,ChangePasswordRequest,BindingResult)
	{POST [/api/v1/changepassword]}: changePassword(String,ChangePasswordRequest,BindingResult)
	{GET [/api/v1/users/{username}]}: getUser(String)
23:29:52.703 [main] DEBUG org.springframework.web.servlet.mvc.method.annotation.RequestMappingHandlerMapping -- 12 mappings in org.springframework.web.servlet.mvc.method.annotation.RequestMappingHandlerMapping
23:29:52.705 [main] DEBUG org.springframework.web.servlet.mvc.method.annotation.RequestMappingHandlerAdapter -- ControllerAdvice beans: 0 @ModelAttribute, 0 @InitBinder, 1 RequestBodyAdvice, 1 ResponseBodyAdvice
23:29:52.705 [main] DEBUG org.springframework.web.servlet.mvc.method.annotation.ExceptionHandlerExceptionResolver -- ControllerAdvice beans: 0 @ExceptionHandler, 1 ResponseBodyAdvice
23:29:52.705 [main] INFO org.springframework.mock.web.MockServletContext -- Initializing Spring TestDispatcherServlet ''
23:29:52.705 [main] INFO org.springframework.test.web.servlet.TestDispatcherServlet -- Initializing Servlet ''
23:29:52.706 [main] DEBUG org.springframework.test.web.servlet.TestDispatcherServlet -- Detected AcceptHeaderLocaleResolver
23:29:52.706 [main] DEBUG org.springframework.test.web.servlet.TestDispatcherServlet -- Detected FixedThemeResolver
23:29:52.706 [main] DEBUG org.springframework.test.web.servlet.TestDispatcherServlet -- Detected org.springframework.web.servlet.view.DefaultRequestToViewNameTranslator@27976390
23:29:52.706 [main] DEBUG org.springframework.test.web.servlet.TestDispatcherServlet -- Detected org.springframework.web.servlet.support.SessionFlashMapManager@37e0056e
23:29:52.706 [main] DEBUG org.springframework.test.web.servlet.TestDispatcherServlet -- enableLoggingRequestDetails='false': request parameters and headers will be masked to prevent unsafe logging of potentially sensitive data
23:29:52.706 [main] INFO org.springframework.test.web.servlet.TestDispatcherServlet -- Completed initialization in 1 ms
23:29:52.708 [main] DEBUG org.springframework.test.web.servlet.TestDispatcherServlet -- GET "/api/v1/users/test_long/recover", parameters={}
23:29:52.708 [main] DEBUG org.springframework.web.servlet.mvc.method.annotation.RequestMappingHandlerMapping -- Mapped to com.capstone.project.controller.UserController#recoverUser(String)
23:29:52.710 [main] DEBUG org.springframework.web.servlet.mvc.method.annotation.HttpEntityMethodProcessor -- Using 'application/json', given [*/*] and supported [application/json, application/*+json]
23:29:52.710 [main] DEBUG org.springframework.web.servlet.mvc.method.annotation.HttpEntityMethodProcessor -- Writing [false]
23:29:52.711 [main] DEBUG org.springframework.test.web.servlet.TestDispatcherServlet -- Completed 200 OK
23:29:52.711 [main] DEBUG com.jayway.jsonpath.internal.path.CompiledPath -- Evaluating path: $['success']
]]></system-out>
  </testcase>
  <testcase name="testRecoverUser{String, boolean}[2]" classname="com.capstone.project.controller.UserControllerTest" time="0.02">
    <failure message="No value at JSON path &quot;$.success&quot;" type="java.lang.AssertionError">java.lang.AssertionError: No value at JSON path "$.success"
	at com.capstone.project.controller.UserControllerTest.testRecoverUser(UserControllerTest.java:236)
Caused by: com.jayway.jsonpath.PathNotFoundException: Expected to find an object with property ['success'] in path $ but found 'java.lang.Boolean'. This is not a json object according to the JsonProvider: 'com.jayway.jsonpath.spi.json.JsonSmartJsonProvider'.
</failure>
    <system-out><![CDATA[23:29:52.716 [main] DEBUG org.hibernate.validator.messageinterpolation.ResourceBundleMessageInterpolator -- Loaded expression factory via original TCCL
23:29:52.716 [main] DEBUG org.hibernate.validator.internal.engine.AbstractConfigurationImpl -- Setting custom MessageInterpolator of type org.springframework.validation.beanvalidation.LocaleContextMessageInterpolator
23:29:52.716 [main] DEBUG org.hibernate.validator.internal.xml.config.ValidationXmlParser -- Trying to load META-INF/validation.xml for XML based Validator configuration.
23:29:52.716 [main] DEBUG org.hibernate.validator.internal.xml.config.ResourceLoaderHelper -- Trying to load META-INF/validation.xml via TCCL
23:29:52.717 [main] DEBUG org.hibernate.validator.internal.xml.config.ResourceLoaderHelper -- Trying to load META-INF/validation.xml via Hibernate Validator's class loader
23:29:52.717 [main] DEBUG org.hibernate.validator.internal.xml.config.ValidationXmlParser -- No META-INF/validation.xml found. Using annotation based configuration only.
23:29:52.717 [main] DEBUG org.hibernate.validator.internal.engine.resolver.TraversableResolvers -- Found jakarta.persistence.Persistence on classpath containing 'getPersistenceUtil'. Assuming JPA 2 environment. Trying to instantiate JPA aware TraversableResolver
23:29:52.717 [main] DEBUG org.hibernate.validator.internal.engine.resolver.TraversableResolvers -- Instantiated JPA aware TraversableResolver of type org.hibernate.validator.internal.engine.resolver.JPATraversableResolver.
23:29:52.719 [main] DEBUG org.hibernate.validator.internal.engine.ValidatorFactoryConfigurationHelper -- HV000252: Using org.hibernate.validator.internal.engine.DefaultPropertyNodeNameProvider as property node name provider.
23:29:52.719 [main] DEBUG org.hibernate.validator.internal.engine.ValidatorFactoryConfigurationHelper -- HV000234: Using org.springframework.validation.beanvalidation.LocaleContextMessageInterpolator as ValidatorFactory-scoped message interpolator.
23:29:52.719 [main] DEBUG org.hibernate.validator.internal.engine.ValidatorFactoryConfigurationHelper -- HV000234: Using org.hibernate.validator.internal.engine.resolver.JPATraversableResolver as ValidatorFactory-scoped traversable resolver.
23:29:52.719 [main] DEBUG org.hibernate.validator.internal.engine.ValidatorFactoryConfigurationHelper -- HV000234: Using org.hibernate.validator.internal.util.ExecutableParameterNameProvider as ValidatorFactory-scoped parameter name provider.
23:29:52.719 [main] DEBUG org.hibernate.validator.internal.engine.ValidatorFactoryConfigurationHelper -- HV000234: Using org.hibernate.validator.internal.engine.DefaultClockProvider as ValidatorFactory-scoped clock provider.
23:29:52.720 [main] DEBUG org.hibernate.validator.internal.engine.ValidatorFactoryConfigurationHelper -- HV000234: Using org.hibernate.validator.internal.engine.scripting.DefaultScriptEvaluatorFactory as ValidatorFactory-scoped script evaluator factory.
23:29:52.723 [main] DEBUG _org.springframework.web.servlet.HandlerMapping.Mappings -- 
	c.c.p.c.UserController:
	{PUT [/api/v1/users/{username}]}: updateUser(String,UserRequest,BindingResult)
	{GET [/api/v1/users/{username}/ban]}: banUser(String)
	{GET [/api/v1/otherusers/{except}]}: findAllNameExcept(String)
	{GET [/api/v1/users/{username}/recover]}: recoverUser(String)
	{GET [/api/v1/users/{username}/delete]}: deleteUser(String)
	{GET [/api/v1/sendverify]}: sendVerificationEmail(String)
	{GET [/api/v1/sendreset]}: sendResetPasswordEmail(String)
	{GET [/api/v1/verify]}: verifyAccount(String)
	{POST [/api/v1/reset]}: resetPassword(String,String,ChangePasswordRequest,BindingResult)
	{POST [/api/v1/checkpassword]}: checkMatchPassword(String,ChangePasswordRequest,BindingResult)
	{POST [/api/v1/changepassword]}: changePassword(String,ChangePasswordRequest,BindingResult)
	{GET [/api/v1/users/{username}]}: getUser(String)
23:29:52.725 [main] DEBUG org.springframework.web.servlet.mvc.method.annotation.RequestMappingHandlerMapping -- 12 mappings in org.springframework.web.servlet.mvc.method.annotation.RequestMappingHandlerMapping
23:29:52.727 [main] DEBUG org.springframework.web.servlet.mvc.method.annotation.RequestMappingHandlerAdapter -- ControllerAdvice beans: 0 @ModelAttribute, 0 @InitBinder, 1 RequestBodyAdvice, 1 ResponseBodyAdvice
23:29:52.728 [main] DEBUG org.springframework.web.servlet.mvc.method.annotation.ExceptionHandlerExceptionResolver -- ControllerAdvice beans: 0 @ExceptionHandler, 1 ResponseBodyAdvice
23:29:52.728 [main] INFO org.springframework.mock.web.MockServletContext -- Initializing Spring TestDispatcherServlet ''
23:29:52.728 [main] INFO org.springframework.test.web.servlet.TestDispatcherServlet -- Initializing Servlet ''
23:29:52.728 [main] DEBUG org.springframework.test.web.servlet.TestDispatcherServlet -- Detected AcceptHeaderLocaleResolver
23:29:52.728 [main] DEBUG org.springframework.test.web.servlet.TestDispatcherServlet -- Detected FixedThemeResolver
23:29:52.728 [main] DEBUG org.springframework.test.web.servlet.TestDispatcherServlet -- Detected org.springframework.web.servlet.view.DefaultRequestToViewNameTranslator@412ebe64
23:29:52.728 [main] DEBUG org.springframework.test.web.servlet.TestDispatcherServlet -- Detected org.springframework.web.servlet.support.SessionFlashMapManager@6f731759
23:29:52.728 [main] DEBUG org.springframework.test.web.servlet.TestDispatcherServlet -- enableLoggingRequestDetails='false': request parameters and headers will be masked to prevent unsafe logging of potentially sensitive data
23:29:52.728 [main] INFO org.springframework.test.web.servlet.TestDispatcherServlet -- Completed initialization in 0 ms
23:29:52.730 [main] DEBUG org.springframework.test.web.servlet.TestDispatcherServlet -- GET "/api/v1/users/test_long/recover", parameters={}
23:29:52.730 [main] DEBUG org.springframework.web.servlet.mvc.method.annotation.RequestMappingHandlerMapping -- Mapped to com.capstone.project.controller.UserController#recoverUser(String)
23:29:52.731 [main] DEBUG org.springframework.web.servlet.mvc.method.annotation.HttpEntityMethodProcessor -- Using 'application/json', given [*/*] and supported [application/json, application/*+json]
23:29:52.731 [main] DEBUG org.springframework.web.servlet.mvc.method.annotation.HttpEntityMethodProcessor -- Writing [false]
23:29:52.732 [main] DEBUG org.springframework.test.web.servlet.TestDispatcherServlet -- Completed 200 OK
23:29:52.732 [main] DEBUG com.jayway.jsonpath.internal.path.CompiledPath -- Evaluating path: $['success']
]]></system-out>
  </testcase>
  <testcase name="testRecoverUser{String, boolean}[3]" classname="com.capstone.project.controller.UserControllerTest" time="0.018">
    <failure message="No value at JSON path &quot;$.success&quot;" type="java.lang.AssertionError">java.lang.AssertionError: No value at JSON path "$.success"
	at com.capstone.project.controller.UserControllerTest.testRecoverUser(UserControllerTest.java:236)
Caused by: com.jayway.jsonpath.PathNotFoundException: Expected to find an object with property ['success'] in path $ but found 'java.lang.Boolean'. This is not a json object according to the JsonProvider: 'com.jayway.jsonpath.spi.json.JsonSmartJsonProvider'.
</failure>
    <system-out><![CDATA[23:29:52.737 [main] DEBUG org.hibernate.validator.messageinterpolation.ResourceBundleMessageInterpolator -- Loaded expression factory via original TCCL
23:29:52.737 [main] DEBUG org.hibernate.validator.internal.engine.AbstractConfigurationImpl -- Setting custom MessageInterpolator of type org.springframework.validation.beanvalidation.LocaleContextMessageInterpolator
23:29:52.737 [main] DEBUG org.hibernate.validator.internal.xml.config.ValidationXmlParser -- Trying to load META-INF/validation.xml for XML based Validator configuration.
23:29:52.737 [main] DEBUG org.hibernate.validator.internal.xml.config.ResourceLoaderHelper -- Trying to load META-INF/validation.xml via TCCL
23:29:52.738 [main] DEBUG org.hibernate.validator.internal.xml.config.ResourceLoaderHelper -- Trying to load META-INF/validation.xml via Hibernate Validator's class loader
23:29:52.738 [main] DEBUG org.hibernate.validator.internal.xml.config.ValidationXmlParser -- No META-INF/validation.xml found. Using annotation based configuration only.
23:29:52.738 [main] DEBUG org.hibernate.validator.internal.engine.resolver.TraversableResolvers -- Found jakarta.persistence.Persistence on classpath containing 'getPersistenceUtil'. Assuming JPA 2 environment. Trying to instantiate JPA aware TraversableResolver
23:29:52.738 [main] DEBUG org.hibernate.validator.internal.engine.resolver.TraversableResolvers -- Instantiated JPA aware TraversableResolver of type org.hibernate.validator.internal.engine.resolver.JPATraversableResolver.
23:29:52.738 [main] DEBUG org.hibernate.validator.internal.engine.ValidatorFactoryConfigurationHelper -- HV000252: Using org.hibernate.validator.internal.engine.DefaultPropertyNodeNameProvider as property node name provider.
23:29:52.738 [main] DEBUG org.hibernate.validator.internal.engine.ValidatorFactoryConfigurationHelper -- HV000234: Using org.springframework.validation.beanvalidation.LocaleContextMessageInterpolator as ValidatorFactory-scoped message interpolator.
23:29:52.738 [main] DEBUG org.hibernate.validator.internal.engine.ValidatorFactoryConfigurationHelper -- HV000234: Using org.hibernate.validator.internal.engine.resolver.JPATraversableResolver as ValidatorFactory-scoped traversable resolver.
23:29:52.738 [main] DEBUG org.hibernate.validator.internal.engine.ValidatorFactoryConfigurationHelper -- HV000234: Using org.hibernate.validator.internal.util.ExecutableParameterNameProvider as ValidatorFactory-scoped parameter name provider.
23:29:52.738 [main] DEBUG org.hibernate.validator.internal.engine.ValidatorFactoryConfigurationHelper -- HV000234: Using org.hibernate.validator.internal.engine.DefaultClockProvider as ValidatorFactory-scoped clock provider.
23:29:52.738 [main] DEBUG org.hibernate.validator.internal.engine.ValidatorFactoryConfigurationHelper -- HV000234: Using org.hibernate.validator.internal.engine.scripting.DefaultScriptEvaluatorFactory as ValidatorFactory-scoped script evaluator factory.
23:29:52.743 [main] DEBUG _org.springframework.web.servlet.HandlerMapping.Mappings -- 
	c.c.p.c.UserController:
	{PUT [/api/v1/users/{username}]}: updateUser(String,UserRequest,BindingResult)
	{GET [/api/v1/users/{username}/ban]}: banUser(String)
	{GET [/api/v1/otherusers/{except}]}: findAllNameExcept(String)
	{GET [/api/v1/users/{username}/recover]}: recoverUser(String)
	{GET [/api/v1/users/{username}/delete]}: deleteUser(String)
	{GET [/api/v1/sendverify]}: sendVerificationEmail(String)
	{GET [/api/v1/sendreset]}: sendResetPasswordEmail(String)
	{GET [/api/v1/verify]}: verifyAccount(String)
	{POST [/api/v1/reset]}: resetPassword(String,String,ChangePasswordRequest,BindingResult)
	{POST [/api/v1/checkpassword]}: checkMatchPassword(String,ChangePasswordRequest,BindingResult)
	{POST [/api/v1/changepassword]}: changePassword(String,ChangePasswordRequest,BindingResult)
	{GET [/api/v1/users/{username}]}: getUser(String)
23:29:52.745 [main] DEBUG org.springframework.web.servlet.mvc.method.annotation.RequestMappingHandlerMapping -- 12 mappings in org.springframework.web.servlet.mvc.method.annotation.RequestMappingHandlerMapping
23:29:52.747 [main] DEBUG org.springframework.web.servlet.mvc.method.annotation.RequestMappingHandlerAdapter -- ControllerAdvice beans: 0 @ModelAttribute, 0 @InitBinder, 1 RequestBodyAdvice, 1 ResponseBodyAdvice
23:29:52.747 [main] DEBUG org.springframework.web.servlet.mvc.method.annotation.ExceptionHandlerExceptionResolver -- ControllerAdvice beans: 0 @ExceptionHandler, 1 ResponseBodyAdvice
23:29:52.748 [main] INFO org.springframework.mock.web.MockServletContext -- Initializing Spring TestDispatcherServlet ''
23:29:52.748 [main] INFO org.springframework.test.web.servlet.TestDispatcherServlet -- Initializing Servlet ''
23:29:52.748 [main] DEBUG org.springframework.test.web.servlet.TestDispatcherServlet -- Detected AcceptHeaderLocaleResolver
23:29:52.748 [main] DEBUG org.springframework.test.web.servlet.TestDispatcherServlet -- Detected FixedThemeResolver
23:29:52.748 [main] DEBUG org.springframework.test.web.servlet.TestDispatcherServlet -- Detected org.springframework.web.servlet.view.DefaultRequestToViewNameTranslator@110b7837
23:29:52.748 [main] DEBUG org.springframework.test.web.servlet.TestDispatcherServlet -- Detected org.springframework.web.servlet.support.SessionFlashMapManager@6ee88e21
23:29:52.748 [main] DEBUG org.springframework.test.web.servlet.TestDispatcherServlet -- enableLoggingRequestDetails='false': request parameters and headers will be masked to prevent unsafe logging of potentially sensitive data
23:29:52.748 [main] INFO org.springframework.test.web.servlet.TestDispatcherServlet -- Completed initialization in 0 ms
23:29:52.749 [main] DEBUG org.springframework.test.web.servlet.TestDispatcherServlet -- GET "/api/v1/users/test_long/recover", parameters={}
23:29:52.749 [main] DEBUG org.springframework.web.servlet.mvc.method.annotation.RequestMappingHandlerMapping -- Mapped to com.capstone.project.controller.UserController#recoverUser(String)
23:29:52.751 [main] DEBUG org.springframework.web.servlet.mvc.method.annotation.HttpEntityMethodProcessor -- Using 'application/json', given [*/*] and supported [application/json, application/*+json]
23:29:52.751 [main] DEBUG org.springframework.web.servlet.mvc.method.annotation.HttpEntityMethodProcessor -- Writing [false]
23:29:52.751 [main] DEBUG org.springframework.test.web.servlet.TestDispatcherServlet -- Completed 200 OK
23:29:52.751 [main] DEBUG com.jayway.jsonpath.internal.path.CompiledPath -- Evaluating path: $['success']
]]></system-out>
  </testcase>
</testsuite>